c:\users\직업능력개발훈련 401호_24번\source\repos\myrestrauntdiary\myrestrauntdiary\debug\myrestrauntdiary.pch
c:\users\직업능력개발훈련 401호_24번\source\repos\myrestrauntdiary\myrestrauntdiary\debug\vc142.pdb
c:\users\직업능력개발훈련 401호_24번\source\repos\myrestrauntdiary\myrestrauntdiary\debug\vc142.idb
c:\users\직업능력개발훈련 401호_24번\source\repos\myrestrauntdiary\myrestrauntdiary\debug\pch.obj
c:\users\직업능력개발훈련 401호_24번\source\repos\myrestrauntdiary\myrestrauntdiary\debug\myrestrauntdiarydlg.obj
c:\users\직업능력개발훈련 401호_24번\source\repos\myrestrauntdiary\myrestrauntdiary\debug\myrestrauntdiary.obj
c:\users\직업능력개발훈련 401호_24번\source\repos\myrestrauntdiary\myrestrauntdiary\debug\myrestrauntdiary.res
c:\users\직업능력개발훈련 401호_24번\source\repos\myrestrauntdiary\debug\myrestrauntdiary.pdb
c:\users\직업능력개발훈련 401호_24번\source\repos\myrestrauntdiary\myrestrauntdiary\debug\myrestrauntdiary.tlog\cl.command.1.tlog
c:\users\직업능력개발훈련 401호_24번\source\repos\myrestrauntdiary\myrestrauntdiary\debug\myrestrauntdiary.tlog\cl.read.1.tlog
c:\users\직업능력개발훈련 401호_24번\source\repos\myrestrauntdiary\myrestrauntdiary\debug\myrestrauntdiary.tlog\cl.write.1.tlog
c:\users\직업능력개발훈련 401호_24번\source\repos\myrestrauntdiary\myrestrauntdiary\debug\myrestrauntdiary.tlog\link-cvtres.read.1.tlog
c:\users\직업능력개발훈련 401호_24번\source\repos\myrestrauntdiary\myrestrauntdiary\debug\myrestrauntdiary.tlog\link-cvtres.write.1.tlog
c:\users\직업능력개발훈련 401호_24번\source\repos\myrestrauntdiary\myrestrauntdiary\debug\myrestrauntdiary.tlog\link-mt.read.1.tlog
c:\users\직업능력개발훈련 401호_24번\source\repos\myrestrauntdiary\myrestrauntdiary\debug\myrestrauntdiary.tlog\link-mt.write.1.tlog
c:\users\직업능력개발훈련 401호_24번\source\repos\myrestrauntdiary\myrestrauntdiary\debug\myrestrauntdiary.tlog\link-rc.read.1.tlog
c:\users\직업능력개발훈련 401호_24번\source\repos\myrestrauntdiary\myrestrauntdiary\debug\myrestrauntdiary.tlog\link-rc.write.1.tlog
c:\users\직업능력개발훈련 401호_24번\source\repos\myrestrauntdiary\myrestrauntdiary\debug\myrestrauntdiary.tlog\link.18956-cvtres.read.1.tlog
c:\users\직업능력개발훈련 401호_24번\source\repos\myrestrauntdiary\myrestrauntdiary\debug\myrestrauntdiary.tlog\link.18956-cvtres.write.1.tlog
c:\users\직업능력개발훈련 401호_24번\source\repos\myrestrauntdiary\myrestrauntdiary\debug\myrestrauntdiary.tlog\link.18956-mt.read.1.tlog
c:\users\직업능력개발훈련 401호_24번\source\repos\myrestrauntdiary\myrestrauntdiary\debug\myrestrauntdiary.tlog\link.18956-mt.write.1.tlog
c:\users\직업능력개발훈련 401호_24번\source\repos\myrestrauntdiary\myrestrauntdiary\debug\myrestrauntdiary.tlog\link.18956-rc.read.1.tlog
c:\users\직업능력개발훈련 401호_24번\source\repos\myrestrauntdiary\myrestrauntdiary\debug\myrestrauntdiary.tlog\link.18956-rc.write.1.tlog
c:\users\직업능력개발훈련 401호_24번\source\repos\myrestrauntdiary\myrestrauntdiary\debug\myrestrauntdiary.tlog\link.18956.read.1.tlog
c:\users\직업능력개발훈련 401호_24번\source\repos\myrestrauntdiary\myrestrauntdiary\debug\myrestrauntdiary.tlog\link.18956.write.1.tlog
c:\users\직업능력개발훈련 401호_24번\source\repos\myrestrauntdiary\myrestrauntdiary\debug\myrestrauntdiary.tlog\link.command.1.tlog
c:\users\직업능력개발훈련 401호_24번\source\repos\myrestrauntdiary\myrestrauntdiary\debug\myrestrauntdiary.tlog\link.read.1.tlog
c:\users\직업능력개발훈련 401호_24번\source\repos\myrestrauntdiary\myrestrauntdiary\debug\myrestrauntdiary.tlog\link.write.1.tlog
c:\users\직업능력개발훈련 401호_24번\source\repos\myrestrauntdiary\myrestrauntdiary\debug\myrestrauntdiary.tlog\rc.command.1.tlog
c:\users\직업능력개발훈련 401호_24번\source\repos\myrestrauntdiary\myrestrauntdiary\debug\myrestrauntdiary.tlog\rc.read.1.tlog
c:\users\직업능력개발훈련 401호_24번\source\repos\myrestrauntdiary\myrestrauntdiary\debug\myrestrauntdiary.tlog\rc.write.1.tlog
