c:\users\직업능력개발훈련 401호_24번\desktop\study\myrestrauntdiary\myrestrauntdiary\x64\debug\myrestrauntdiary.pch
c:\users\직업능력개발훈련 401호_24번\desktop\study\myrestrauntdiary\myrestrauntdiary\x64\debug\vc142.pdb
c:\users\직업능력개발훈련 401호_24번\desktop\study\myrestrauntdiary\myrestrauntdiary\x64\debug\vc142.idb
c:\users\직업능력개발훈련 401호_24번\desktop\study\myrestrauntdiary\myrestrauntdiary\x64\debug\pch.obj
c:\users\직업능력개발훈련 401호_24번\desktop\study\myrestrauntdiary\myrestrauntdiary\x64\debug\myrestrauntdiarydlg.obj
c:\users\직업능력개발훈련 401호_24번\desktop\study\myrestrauntdiary\myrestrauntdiary\x64\debug\myrestrauntdiary.obj
c:\users\직업능력개발훈련 401호_24번\source\repos\myrestrauntdiary\x64\debug\myrestrauntdiary.exe
c:\users\직업능력개발훈련 401호_24번\source\repos\myrestrauntdiary\x64\debug\myrestrauntdiary.ilk
c:\users\직업능력개발훈련 401호_24번\source\repos\myrestrauntdiary\x64\debug\myrestrauntdiary.pdb
c:\users\직업능력개발훈련 401호_24번\desktop\study\myrestrauntdiary\x64\debug\myrestrauntdiary.exe
c:\users\직업능력개발훈련 401호_24번\desktop\study\myrestrauntdiary\x64\debug\myrestrauntdiary.ilk
c:\users\직업능력개발훈련 401호_24번\desktop\study\myrestrauntdiary\x64\debug\myrestrauntdiary.pdb
c:\users\직업능력개발훈련 401호_24번\desktop\study\myrestrauntdiary\myrestrauntdiary\x64\debug\myrestrauntdiary.res
c:\users\직업능력개발훈련 401호_24번\desktop\study\myrestrauntdiary\myrestrauntdiary\x64\debug\myrestrauntdiary.tlog\cl.command.1.tlog
c:\users\직업능력개발훈련 401호_24번\desktop\study\myrestrauntdiary\myrestrauntdiary\x64\debug\myrestrauntdiary.tlog\cl.read.1.tlog
c:\users\직업능력개발훈련 401호_24번\desktop\study\myrestrauntdiary\myrestrauntdiary\x64\debug\myrestrauntdiary.tlog\cl.write.1.tlog
c:\users\직업능력개발훈련 401호_24번\desktop\study\myrestrauntdiary\myrestrauntdiary\x64\debug\myrestrauntdiary.tlog\link.command.1.tlog
c:\users\직업능력개발훈련 401호_24번\desktop\study\myrestrauntdiary\myrestrauntdiary\x64\debug\myrestrauntdiary.tlog\link.read.1.tlog
c:\users\직업능력개발훈련 401호_24번\desktop\study\myrestrauntdiary\myrestrauntdiary\x64\debug\myrestrauntdiary.tlog\link.write.1.tlog
c:\users\직업능력개발훈련 401호_24번\desktop\study\myrestrauntdiary\myrestrauntdiary\x64\debug\myrestrauntdiary.tlog\rc.command.1.tlog
c:\users\직업능력개발훈련 401호_24번\desktop\study\myrestrauntdiary\myrestrauntdiary\x64\debug\myrestrauntdiary.tlog\rc.read.1.tlog
c:\users\직업능력개발훈련 401호_24번\desktop\study\myrestrauntdiary\myrestrauntdiary\x64\debug\myrestrauntdiary.tlog\rc.write.1.tlog
